TN:
SF:contracts/CrossChainGovernable.sol
FN:50,CrossChainGovernable._setPendingGovernor
FNDA:5,CrossChainGovernable._setPendingGovernor
DA:51,5
BRDA:51,0,0,1
BRDA:51,0,1,4
DA:52,4
BRDA:52,1,0,1
BRDA:52,1,1,3
DA:53,3
DA:54,3
DA:55,3
DA:56,3
FN:62,CrossChainGovernable._transferGovernance
FNDA:5,CrossChainGovernable._transferGovernance
DA:63,5
DA:64,5
DA:65,5
BRDA:65,2,0,1
BRDA:65,2,1,4
DA:66,4
BRDA:66,3,0,2
BRDA:66,3,1,2
DA:67,2
DA:68,2
DA:69,2
FN:72,CrossChainGovernable._revertIfNotCrossChainGovernor
FNDA:2,CrossChainGovernable._revertIfNotCrossChainGovernor
DA:73,2
BRDA:73,4,0,2
BRDA:73,4,1,-
FN:76,CrossChainGovernable._getGovernor
FNDA:2,CrossChainGovernable._getGovernor
DA:77,2
FN:80,CrossChainGovernable._getGovernorChainSelector
FNDA:0,CrossChainGovernable._getGovernorChainSelector
DA:81,0
FN:84,CrossChainGovernable._getPendingGovernor
FNDA:2,CrossChainGovernable._getPendingGovernor
DA:85,2
FN:88,CrossChainGovernable._getPendingGovernorChainSelector
FNDA:1,CrossChainGovernable._getPendingGovernorChainSelector
DA:89,1
FN:92,CrossChainGovernable._getGovTransferReqTimestamp
FNDA:2,CrossChainGovernable._getGovTransferReqTimestamp
DA:93,2
FN:96,CrossChainGovernable.getGovernor
FNDA:2,CrossChainGovernable.getGovernor
DA:97,2
FN:100,CrossChainGovernable.getGovernorChainSelector
FNDA:0,CrossChainGovernable.getGovernorChainSelector
DA:101,0
FN:104,CrossChainGovernable.getPendingGovernor
FNDA:2,CrossChainGovernable.getPendingGovernor
DA:105,2
FN:108,CrossChainGovernable.getPendingGovernorChainSelector
FNDA:1,CrossChainGovernable.getPendingGovernorChainSelector
DA:109,1
FN:112,CrossChainGovernable.getGovTransferReqTimestamp
FNDA:2,CrossChainGovernable.getGovTransferReqTimestamp
DA:113,2
FNF:13
FNH:11
LF:24
LH:22
BRF:10
BRH:9
end_of_record
TN:
SF:contracts/Governable.sol
FN:35,Governable.setPendingGovernor
FNDA:4,Governable.setPendingGovernor
DA:36,3
BRDA:36,0,0,-
BRDA:36,0,1,3
DA:37,3
DA:38,3
DA:39,3
FN:43,Governable.transferGovernance
FNDA:6,Governable.transferGovernance
DA:44,6
DA:45,6
DA:46,6
DA:47,6
BRDA:47,1,0,2
BRDA:47,1,1,4
DA:48,4
BRDA:48,2,0,1
BRDA:48,2,1,3
DA:49,3
BRDA:49,3,0,1
BRDA:49,3,1,2
DA:50,1
DA:52,2
DA:53,2
DA:54,2
FN:57,Governable._revertIfNotGovernor
FNDA:4,Governable._revertIfNotGovernor
DA:58,4
BRDA:58,4,0,1
BRDA:58,4,1,3
FN:61,Governable._getGovernor
FNDA:2,Governable._getGovernor
DA:62,2
FN:65,Governable._getPendingGovernor
FNDA:2,Governable._getPendingGovernor
DA:66,2
FN:69,Governable._getGovTransferReqTimestamp
FNDA:2,Governable._getGovTransferReqTimestamp
DA:70,2
FN:73,Governable.getGovernor
FNDA:2,Governable.getGovernor
DA:74,2
FN:77,Governable.getPendingGovernor
FNDA:2,Governable.getPendingGovernor
DA:78,2
FN:81,Governable.getGovTransferReqTimestamp
FNDA:2,Governable.getGovTransferReqTimestamp
DA:82,2
FNF:9
FNH:9
LF:21
LH:21
BRF:10
BRH:9
end_of_record
TN:
SF:contracts/Guardable.sol
FN:49,Guardable._setGuardians
FNDA:8,Guardable._setGuardians
DA:50,8
BRDA:50,0,0,1
BRDA:50,0,1,7
DA:51,7
DA:52,7
DA:53,7
DA:54,7
DA:55,7
DA:56,13
DA:57,13
DA:58,13
DA:59,13
BRDA:59,1,0,2
BRDA:59,1,1,11
DA:60,11
BRDA:60,2,0,11
BRDA:60,2,1,11
DA:61,13
DA:63,7
FN:67,Guardable.curse
FNDA:8,Guardable.curse
DA:68,6
BRDA:68,3,0,-
BRDA:68,3,1,6
DA:69,6
BRDA:69,4,0,-
BRDA:69,4,1,6
DA:70,6
BRDA:70,5,0,-
BRDA:70,5,1,6
DA:71,6
DA:72,6
DA:73,6
FN:77,Guardable.revokeCurse
FNDA:3,Guardable.revokeCurse
DA:78,2
BRDA:78,6,0,1
BRDA:78,6,1,1
DA:79,1
DA:80,1
DA:81,1
FN:85,Guardable.breakCurse
FNDA:3,Guardable.breakCurse
DA:86,3
BRDA:86,7,0,1
BRDA:86,7,1,2
DA:87,2
BRDA:87,8,0,1
BRDA:87,8,1,1
DA:88,1
DA:89,1
DA:90,1
FN:93,Guardable._revertIfNotGuardian
FNDA:16,Guardable._revertIfNotGuardian
DA:94,16
BRDA:94,9,0,3
BRDA:94,9,1,13
FN:97,Guardable._revertIfCursedGuardian
FNDA:11,Guardable._revertIfCursedGuardian
DA:98,11
BRDA:98,10,0,2
BRDA:98,10,1,9
FN:101,Guardable._isGuardianCursed
FNDA:15,Guardable._isGuardianCursed
DA:102,15
DA:103,15
FN:106,Guardable._isGuardian
FNDA:12,Guardable._isGuardian
DA:107,12
FN:110,Guardable.isGuardianCursed
FNDA:4,Guardable.isGuardianCursed
DA:111,4
FN:114,Guardable.isGuardian
FNDA:4,Guardable.isGuardian
DA:115,4
FNF:10
FNH:10
LF:35
LH:35
BRF:22
BRH:19
end_of_record
TN:
SF:test/mocks/CrossChainGovernableMock.sol
FN:10,CrossChainGovernableMock.setPendingGovernor
FNDA:5,CrossChainGovernableMock.setPendingGovernor
DA:11,5
FN:14,CrossChainGovernableMock.transferGovernance
FNDA:5,CrossChainGovernableMock.transferGovernance
DA:15,5
FN:18,CrossChainGovernableMock.shouldRevertIfNotCrossChainGovernor
FNDA:2,CrossChainGovernableMock.shouldRevertIfNotCrossChainGovernor
FNF:3
FNH:3
LF:2
LH:2
BRF:0
BRH:0
end_of_record
TN:
SF:test/mocks/GuardableMock.sol
FN:10,GuardableMock.setGuardians
FNDA:8,GuardableMock.setGuardians
DA:11,8
FN:14,GuardableMock.shouldRevertIfNotGuardian
FNDA:2,GuardableMock.shouldRevertIfNotGuardian
FN:16,GuardableMock.shouldRevertIfCursedGuardian
FNDA:2,GuardableMock.shouldRevertIfCursedGuardian
FNF:3
FNH:3
LF:1
LH:1
BRF:0
BRH:0
end_of_record
