TN:
SF:contracts/CrossChainGovernable.sol
FN:50,CrossChainGovernable._setPendingGovernor
FNDA:5,CrossChainGovernable._setPendingGovernor
DA:51,5
BRDA:51,0,0,1
BRDA:51,0,1,4
DA:52,4
BRDA:52,1,0,1
BRDA:52,1,1,3
DA:53,3
DA:54,3
DA:55,3
DA:56,3
FN:62,CrossChainGovernable._transferGovernance
FNDA:5,CrossChainGovernable._transferGovernance
DA:63,5
DA:64,5
DA:65,5
BRDA:65,2,0,1
BRDA:65,2,1,4
DA:66,4
BRDA:66,3,0,2
BRDA:66,3,1,2
DA:67,2
DA:68,2
DA:69,2
FN:72,CrossChainGovernable._revertIfNotCrossChainGovernor
FNDA:2,CrossChainGovernable._revertIfNotCrossChainGovernor
DA:73,2
BRDA:73,4,0,2
BRDA:73,4,1,-
FN:76,CrossChainGovernable._getGovernor
FNDA:2,CrossChainGovernable._getGovernor
DA:77,2
FN:80,CrossChainGovernable._getGovernorChainSelector
FNDA:0,CrossChainGovernable._getGovernorChainSelector
DA:81,0
FN:84,CrossChainGovernable._getPendingGovernor
FNDA:2,CrossChainGovernable._getPendingGovernor
DA:85,2
FN:88,CrossChainGovernable._getPendingGovernorChainSelector
FNDA:1,CrossChainGovernable._getPendingGovernorChainSelector
DA:89,1
FN:92,CrossChainGovernable._getGovTransferReqTimestamp
FNDA:2,CrossChainGovernable._getGovTransferReqTimestamp
DA:93,2
FN:96,CrossChainGovernable.getGovernor
FNDA:2,CrossChainGovernable.getGovernor
DA:97,2
FN:100,CrossChainGovernable.getGovernorChainSelector
FNDA:0,CrossChainGovernable.getGovernorChainSelector
DA:101,0
FN:104,CrossChainGovernable.getPendingGovernor
FNDA:2,CrossChainGovernable.getPendingGovernor
DA:105,2
FN:108,CrossChainGovernable.getPendingGovernorChainSelector
FNDA:1,CrossChainGovernable.getPendingGovernorChainSelector
DA:109,1
FN:112,CrossChainGovernable.getGovTransferReqTimestamp
FNDA:2,CrossChainGovernable.getGovTransferReqTimestamp
DA:113,2
FNF:13
FNH:11
LF:24
LH:22
BRF:10
BRH:9
end_of_record
TN:
SF:contracts/Governable.sol
FN:35,Governable.setPendingGovernor
FNDA:4,Governable.setPendingGovernor
DA:36,3
BRDA:36,0,0,-
BRDA:36,0,1,3
DA:37,3
DA:38,3
DA:39,3
FN:43,Governable.transferGovernance
FNDA:6,Governable.transferGovernance
DA:44,6
DA:45,6
DA:46,6
DA:47,6
BRDA:47,1,0,2
BRDA:47,1,1,4
DA:48,4
BRDA:48,2,0,1
BRDA:48,2,1,3
DA:49,3
BRDA:49,3,0,1
BRDA:49,3,1,2
DA:50,1
DA:52,2
DA:53,2
DA:54,2
FN:57,Governable._revertIfNotGovernor
FNDA:4,Governable._revertIfNotGovernor
DA:58,4
BRDA:58,4,0,1
BRDA:58,4,1,3
FN:61,Governable._getGovernor
FNDA:2,Governable._getGovernor
DA:62,2
FN:65,Governable._getPendingGovernor
FNDA:2,Governable._getPendingGovernor
DA:66,2
FN:69,Governable._getGovTransferReqTimestamp
FNDA:2,Governable._getGovTransferReqTimestamp
DA:70,2
FN:73,Governable.getGovernor
FNDA:2,Governable.getGovernor
DA:74,2
FN:77,Governable.getPendingGovernor
FNDA:2,Governable.getPendingGovernor
DA:78,2
FN:81,Governable.getGovTransferReqTimestamp
FNDA:2,Governable.getGovTransferReqTimestamp
DA:82,2
FNF:9
FNH:9
LF:21
LH:21
BRF:10
BRH:9
end_of_record
TN:
SF:contracts/Guardable.sol
FN:49,Guardable._setGuardians
FNDA:8,Guardable._setGuardians
DA:50,8
BRDA:50,0,0,1
BRDA:50,0,1,7
DA:51,7
DA:52,7
DA:53,7
DA:54,7
DA:55,7
DA:56,13
DA:57,13
DA:58,13
DA:59,13
BRDA:59,1,0,2
BRDA:59,1,1,11
DA:61,2
DA:63,11
BRDA:63,2,0,11
BRDA:63,2,1,11
DA:65,11
DA:68,13
DA:70,7
FN:74,Guardable.curse
FNDA:8,Guardable.curse
DA:75,6
BRDA:75,3,0,-
BRDA:75,3,1,6
DA:76,6
BRDA:76,4,0,-
BRDA:76,4,1,6
DA:77,6
BRDA:77,5,0,-
BRDA:77,5,1,6
DA:78,6
DA:80,6
DA:82,6
FN:86,Guardable.revokeCurse
FNDA:3,Guardable.revokeCurse
DA:87,2
BRDA:87,6,0,1
BRDA:87,6,1,1
DA:88,1
DA:90,1
DA:92,1
FN:96,Guardable.breakCurse
FNDA:3,Guardable.breakCurse
DA:97,3
BRDA:97,7,0,1
BRDA:97,7,1,2
DA:98,2
BRDA:98,8,0,1
BRDA:98,8,1,1
DA:99,1
DA:101,1
DA:103,1
FN:106,Guardable._revertIfNotGuardian
FNDA:16,Guardable._revertIfNotGuardian
DA:107,16
BRDA:107,9,0,3
BRDA:107,9,1,13
FN:110,Guardable._revertIfCursedGuardian
FNDA:11,Guardable._revertIfCursedGuardian
DA:111,11
BRDA:111,10,0,2
BRDA:111,10,1,9
FN:114,Guardable._isGuardianCursed
FNDA:15,Guardable._isGuardianCursed
DA:115,15
DA:116,15
FN:119,Guardable._isGuardian
FNDA:12,Guardable._isGuardian
DA:120,12
FN:123,Guardable.isGuardianCursed
FNDA:4,Guardable.isGuardianCursed
DA:124,4
FN:127,Guardable.isGuardian
FNDA:4,Guardable.isGuardian
DA:128,4
FNF:10
FNH:10
LF:37
LH:37
BRF:22
BRH:19
end_of_record
TN:
SF:test/mocks/CrossChainGovernableMock.sol
FN:10,CrossChainGovernableMock.setPendingGovernor
FNDA:5,CrossChainGovernableMock.setPendingGovernor
DA:11,5
FN:14,CrossChainGovernableMock.transferGovernance
FNDA:5,CrossChainGovernableMock.transferGovernance
DA:15,5
FN:18,CrossChainGovernableMock.shouldRevertIfNotCrossChainGovernor
FNDA:2,CrossChainGovernableMock.shouldRevertIfNotCrossChainGovernor
FNF:3
FNH:3
LF:2
LH:2
BRF:0
BRH:0
end_of_record
TN:
SF:test/mocks/GuardableMock.sol
FN:10,GuardableMock.setGuardians
FNDA:8,GuardableMock.setGuardians
DA:11,8
FN:14,GuardableMock.shouldRevertIfNotGuardian
FNDA:2,GuardableMock.shouldRevertIfNotGuardian
FN:16,GuardableMock.shouldRevertIfCursedGuardian
FNDA:2,GuardableMock.shouldRevertIfCursedGuardian
FNF:3
FNH:3
LF:1
LH:1
BRF:0
BRH:0
end_of_record
